<?xml version="1.0" encoding="UTF-8"?>
<!-- Generated by org.testng.reporters.JUnitReportReporter -->
<testsuite hostname="DESKTOP-84DBICK" failures="0" tests="1" name="DEMO.DEMO" time="5.059" errors="0" timestamp="2024-03-13T10:34:28 IST" skipped="0">
  <testcase classname="DEMO.DEMO" name="api" time="5.059"/>
</testsuite> <!-- DEMO.DEMO -->
